[debug] [2020-09-12T20:03:53.055Z] ----------------------------------------------------------------------
[debug] [2020-09-12T20:03:53.057Z] Command:       /home/heart/.nvm/versions/node/v14.8.0/bin/node /home/heart/.nvm/versions/node/v14.8.0/bin/firebase login
[debug] [2020-09-12T20:03:53.058Z] CLI Version:   8.10.0
[debug] [2020-09-12T20:03:53.058Z] Platform:      linux
[debug] [2020-09-12T20:03:53.058Z] Node Version:  v14.8.0
[debug] [2020-09-12T20:03:53.059Z] Time:          Sun Sep 13 2020 04:03:53 GMT+0800 (China Standard Time)
[debug] [2020-09-12T20:03:53.059Z] ----------------------------------------------------------------------
[debug] [2020-09-12T20:03:53.059Z] 
[info] i  Firebase optionally collects CLI usage and error reporting information to help improve our products. Data is collected in accordance with Google's privacy policy (https://policies.google.com/privacy) and is not used to identify you.
 
[info] i  To change your data collection preference at any time, run `firebase logout` and log in again. 
[info] 
[info] Visit this URL on this device to log in:
[info] https://accounts.google.com/o/oauth2/auth?client_id=563584335869-fgrhgmd47bqnekij5i8b5pr03ho849e6.apps.googleusercontent.com&scope=email%20openid%20https%3A%2F%2Fwww.googleapis.com%2Fauth%2Fcloudplatformprojects.readonly%20https%3A%2F%2Fwww.googleapis.com%2Fauth%2Ffirebase%20https%3A%2F%2Fwww.googleapis.com%2Fauth%2Fcloud-platform&response_type=code&state=819981205&redirect_uri=http%3A%2F%2Flocalhost%3A9005
[info] 
[info] Waiting for authentication...
[debug] [2020-09-12T20:03:54.885Z] Error: spawn cmd.exe ENOENT
    at Process.ChildProcess._handle.onexit (internal/child_process.js:268:19)
    at onErrorNT (internal/child_process.js:468:16)
    at processTicksAndRejections (internal/process/task_queues.js:80:21)
[error] 
[error] Error: An unexpected error has occurred.
[debug] [2020-09-14T00:19:34.339Z] ----------------------------------------------------------------------
[debug] [2020-09-14T00:19:34.353Z] Command:       /home/heart/.nvm/versions/node/v14.8.0/bin/node /home/heart/.nvm/versions/node/v14.8.0/bin/firebase login
[debug] [2020-09-14T00:19:34.353Z] CLI Version:   8.10.0
[debug] [2020-09-14T00:19:34.353Z] Platform:      linux
[debug] [2020-09-14T00:19:34.353Z] Node Version:  v14.8.0
[debug] [2020-09-14T00:19:34.447Z] Time:          Mon Sep 14 2020 08:19:34 GMT+0800 (China Standard Time)
[debug] [2020-09-14T00:19:34.448Z] ----------------------------------------------------------------------
[debug] [2020-09-14T00:19:34.448Z] 
[info] i  Firebase optionally collects CLI usage and error reporting information to help improve our products. Data is collected in accordance with Google's privacy policy (https://policies.google.com/privacy) and is not used to identify you.
 
[info] i  To change your data collection preference at any time, run `firebase logout` and log in again. 
[info] 
[info] Visit this URL on this device to log in:
[info] https://accounts.google.com/o/oauth2/auth?client_id=563584335869-fgrhgmd47bqnekij5i8b5pr03ho849e6.apps.googleusercontent.com&scope=email%20openid%20https%3A%2F%2Fwww.googleapis.com%2Fauth%2Fcloudplatformprojects.readonly%20https%3A%2F%2Fwww.googleapis.com%2Fauth%2Ffirebase%20https%3A%2F%2Fwww.googleapis.com%2Fauth%2Fcloud-platform&response_type=code&state=423399465&redirect_uri=http%3A%2F%2Flocalhost%3A9005
[info] 
[info] Waiting for authentication...
[debug] [2020-09-14T00:21:37.557Z] Error: spawn cmd.exe ENOENT
    at Process.ChildProcess._handle.onexit (internal/child_process.js:268:19)
    at onErrorNT (internal/child_process.js:468:16)
    at processTicksAndRejections (internal/process/task_queues.js:80:21)
[error] 
[error] Error: An unexpected error has occurred.
[debug] [2020-09-14T02:39:19.509Z] ----------------------------------------------------------------------
[debug] [2020-09-14T02:39:19.524Z] Command:       /home/heart/.nvm/versions/node/v14.8.0/bin/node /home/heart/.nvm/versions/node/v14.8.0/bin/firebase login
[debug] [2020-09-14T02:39:19.525Z] CLI Version:   8.10.0
[debug] [2020-09-14T02:39:19.525Z] Platform:      linux
[debug] [2020-09-14T02:39:19.525Z] Node Version:  v14.8.0
[debug] [2020-09-14T02:39:19.614Z] Time:          Mon Sep 14 2020 10:39:19 GMT+0800 (China Standard Time)
[debug] [2020-09-14T02:39:19.614Z] ----------------------------------------------------------------------
[debug] [2020-09-14T02:39:19.614Z] 
[info] i  Firebase optionally collects CLI usage and error reporting information to help improve our products. Data is collected in accordance with Google's privacy policy (https://policies.google.com/privacy) and is not used to identify you.
 
[info] i  To change your data collection preference at any time, run `firebase logout` and log in again. 
[info] 
[info] Visit this URL on this device to log in:
[info] https://accounts.google.com/o/oauth2/auth?client_id=563584335869-fgrhgmd47bqnekij5i8b5pr03ho849e6.apps.googleusercontent.com&scope=email%20openid%20https%3A%2F%2Fwww.googleapis.com%2Fauth%2Fcloudplatformprojects.readonly%20https%3A%2F%2Fwww.googleapis.com%2Fauth%2Ffirebase%20https%3A%2F%2Fwww.googleapis.com%2Fauth%2Fcloud-platform&response_type=code&state=432366144&redirect_uri=http%3A%2F%2Flocalhost%3A9005
[info] 
[info] Waiting for authentication...
[debug] [2020-09-14T02:39:37.252Z] Error: spawn cmd.exe ENOENT
    at Process.ChildProcess._handle.onexit (internal/child_process.js:268:19)
    at onErrorNT (internal/child_process.js:468:16)
    at processTicksAndRejections (internal/process/task_queues.js:80:21)
[error] 
[error] Error: An unexpected error has occurred.
[debug] [2020-09-14T02:40:57.139Z] ----------------------------------------------------------------------
[debug] [2020-09-14T02:40:57.142Z] Command:       /home/heart/.nvm/versions/node/v14.8.0/bin/node /home/heart/.nvm/versions/node/v14.8.0/bin/firebase login --interactive
[debug] [2020-09-14T02:40:57.142Z] CLI Version:   8.10.0
[debug] [2020-09-14T02:40:57.142Z] Platform:      linux
[debug] [2020-09-14T02:40:57.142Z] Node Version:  v14.8.0
[debug] [2020-09-14T02:40:57.143Z] Time:          Mon Sep 14 2020 10:40:57 GMT+0800 (China Standard Time)
[debug] [2020-09-14T02:40:57.143Z] ----------------------------------------------------------------------
[debug] [2020-09-14T02:40:57.143Z] 
[info] i  Firebase optionally collects CLI usage and error reporting information to help improve our products. Data is collected in accordance with Google's privacy policy (https://policies.google.com/privacy) and is not used to identify you.
 
[info] i  To change your data collection preference at any time, run `firebase logout` and log in again. 
[info] 
[info] Visit this URL on this device to log in:
[info] https://accounts.google.com/o/oauth2/auth?client_id=563584335869-fgrhgmd47bqnekij5i8b5pr03ho849e6.apps.googleusercontent.com&scope=email%20openid%20https%3A%2F%2Fwww.googleapis.com%2Fauth%2Fcloudplatformprojects.readonly%20https%3A%2F%2Fwww.googleapis.com%2Fauth%2Ffirebase%20https%3A%2F%2Fwww.googleapis.com%2Fauth%2Fcloud-platform&response_type=code&state=755299599&redirect_uri=http%3A%2F%2Flocalhost%3A9005
[info] 
[info] Waiting for authentication...
[debug] [2020-09-14T02:41:09.689Z] Error: spawn cmd.exe ENOENT
    at Process.ChildProcess._handle.onexit (internal/child_process.js:268:19)
    at onErrorNT (internal/child_process.js:468:16)
    at processTicksAndRejections (internal/process/task_queues.js:80:21)
[error] 
[error] Error: An unexpected error has occurred.
